빌드 시작: 2017-12-17 오후 10:19:14
     1>2 노드의 "C:\Users\6kmar\Desktop\B277031,게임소프트,이창기\FullOGRE(수정)\FullOGRE\FullOGRE\FullOGRE.vcxproj" 프로젝트(Build 대상)입니다.
     1>ClCompile:
         F:\Visual Studio 2012\VC\bin\CL.exe /c /I"D:\오우거 엔진\OgreSDK_vc11_v1-9-0\include\OIS" /I"D:\오우거 엔진\OgreSDK_vc11_v1-9-0\include\OGRE" /I"D:\오우거 엔진\OgreSDK_vc11_v1-9-0\include\OGRE\Overlay" /I"D:\오우거 엔진\OgreSDK_vc11_v1-9-0\Samples\Common\include" /I"D:\오우거 엔진\OgreSDK_vc11_v1-9-0\boost" /ZI /nologo /W3 /WX- /Od /Oy- /D WIN32 /D _DEBUG /D _WINDOWS /D _MBCS /Gm /EHsc /RTC1 /MDd /GS /fp:precise /Zc:wchar_t /Zc:forScope /Fo"Debug\\" /Fd"Debug\vc110.pdb" /Gd /TP /analyze- /errorReport:prompt TutorialApplication.cpp
         TutorialApplication.cpp
     1>c:\users\6kmar\desktop\b277031,게임소프트,이창기\fullogre(수정)\fullogre\fullogre\tutorialapplication.cpp(660): warning C4305: '인수' : 'double'에서 'float'(으)로 잘립니다.
     1>c:\users\6kmar\desktop\b277031,게임소프트,이창기\fullogre(수정)\fullogre\fullogre\tutorialapplication.cpp(1156): warning C4101: 'e' :참조되지 않은 지역 변수입니다.
       Link:
         F:\Visual Studio 2012\VC\bin\link.exe /ERRORREPORT:PROMPT /OUT:"C:\Users\6kmar\Desktop\B277031,게임소프트,이창기\FullOGRE(수정)\FullOGRE\Debug\FullOGRE.exe" /INCREMENTAL /NOLOGO /LIBPATH:"D:\오우거 엔진\OgreSDK_vc11_v1-9-0\OIS\lib" /LIBPATH:"D:\오우거 엔진\OgreSDK_vc11_v1-9-0\OIS_d\lib" /LIBPATH:"D:\오우거 엔진\OgreSDK_vc11_v1-9-0\lib\Debug" /LIBPATH:"D:\오우거 엔진\OgreSDK_vc11_v1-9-0\boost\lib" OgreMain_d.lib OgreOverlay_d.lib OIS_d.lib /MANIFEST /MANIFESTUAC:"level='asInvoker' uiAccess='false'" /manifest:embed /DEBUG /PDB:"C:\Users\6kmar\Desktop\B277031,게임소프트,이창기\FullOGRE(수정)\FullOGRE\Debug\FullOGRE.pdb" /SUBSYSTEM:WINDOWS /TLBID:1 /DYNAMICBASE /NXCOMPAT /IMPLIB:"C:\Users\6kmar\Desktop\B277031,게임소프트,이창기\FullOGRE(수정)\FullOGRE\Debug\FullOGRE.lib" /MACHINE:X86 Debug\Enemy.obj
         Debug\Player.obj
         Debug\Stage.obj
         Debug\TutorialApplication.obj
         FullOGRE.vcxproj -> C:\Users\6kmar\Desktop\B277031,게임소프트,이창기\FullOGRE(수정)\FullOGRE\Debug\FullOGRE.exe
       PostBuildEvent:
         copy "C:\Users\6kmar\Desktop\B277031,게임소프트,이창기\FullOGRE(수정)\FullOGRE\Debug\\FullOGRE.exe" "D:\오우거 엔진\OgreSDK_vc11_v1-9-0\Bin\Debug"
         :VCEnd
                 1개 파일이 복사되었습니다.
     1>"C:\Users\6kmar\Desktop\B277031,게임소프트,이창기\FullOGRE(수정)\FullOGRE\FullOGRE\FullOGRE.vcxproj" 프로젝트를 빌드했습니다(Build 대상).

빌드했습니다.

경과 시간: 00:00:34.26
